{"C:\\Users\\sami_\\OneDrive\\Desktop\\NodeJS Avanzado\\venta-boletos\\Backend\\database.js": {"path":"C:\\Users\\sami_\\OneDrive\\Desktop\\NodeJS Avanzado\\venta-boletos\\Backend\\database.js","statementMap":{"0":{"start":{"line":2,"column":24},"end":{"line":2,"column":27}},"1":{"start":{"line":5,"column":20},"end":{"line":11,"column":2}}},"fnMap":{},"branchMap":{"0":{"loc":{"start":{"line":10,"column":8},"end":{"line":10,"column":35}},"type":"binary-expr","locations":[{"start":{"line":10,"column":8},"end":{"line":10,"column":27}},{"start":{"line":10,"column":31},"end":{"line":10,"column":35}}],"line":10}},"s":{"0":1,"1":1},"f":{},"b":{"0":[1,0]},"_coverageSchema":"1a1c01bbd47fc00a2c39e90264f33305004495a9","hash":"f81be2000b4aaba7943488ecf9248332f9d5c35c"}
,"C:\\Users\\sami_\\OneDrive\\Desktop\\NodeJS Avanzado\\venta-boletos\\Backend\\index.js": {"path":"C:\\Users\\sami_\\OneDrive\\Desktop\\NodeJS Avanzado\\venta-boletos\\Backend\\index.js","statementMap":{"0":{"start":{"line":11,"column":0},"end":{"line":11,"column":16}},"1":{"start":{"line":13,"column":12},"end":{"line":13,"column":21}},"2":{"start":{"line":14,"column":0},"end":{"line":14,"column":27}},"3":{"start":{"line":15,"column":0},"end":{"line":15,"column":51}},"4":{"start":{"line":16,"column":0},"end":{"line":19,"column":4}},"5":{"start":{"line":21,"column":23},"end":{"line":28,"column":1}},"6":{"start":{"line":22,"column":2},"end":{"line":27,"column":3}},"7":{"start":{"line":23,"column":16},"end":{"line":23,"column":48}},"8":{"start":{"line":24,"column":4},"end":{"line":24,"column":65}},"9":{"start":{"line":26,"column":4},"end":{"line":26,"column":55}},"10":{"start":{"line":29,"column":0},"end":{"line":29,"column":17}},"11":{"start":{"line":32,"column":0},"end":{"line":32,"column":47}},"12":{"start":{"line":35,"column":0},"end":{"line":35,"column":36}},"13":{"start":{"line":36,"column":0},"end":{"line":36,"column":38}},"14":{"start":{"line":37,"column":0},"end":{"line":37,"column":36}},"15":{"start":{"line":38,"column":0},"end":{"line":38,"column":43}},"16":{"start":{"line":40,"column":0},"end":{"line":40,"column":49}},"17":{"start":{"line":42,"column":0},"end":{"line":44,"column":3}},"18":{"start":{"line":43,"column":2},"end":{"line":43,"column":51}}},"fnMap":{"0":{"name":"(anonymous_0)","decl":{"start":{"line":21,"column":23},"end":{"line":21,"column":24}},"loc":{"start":{"line":21,"column":35},"end":{"line":28,"column":1}},"line":21},"1":{"name":"(anonymous_1)","decl":{"start":{"line":42,"column":17},"end":{"line":42,"column":18}},"loc":{"start":{"line":42,"column":23},"end":{"line":44,"column":1}},"line":42}},"branchMap":{},"s":{"0":1,"1":1,"2":1,"3":1,"4":1,"5":1,"6":1,"7":1,"8":1,"9":0,"10":1,"11":1,"12":1,"13":1,"14":1,"15":1,"16":1,"17":1,"18":1},"f":{"0":1,"1":1},"b":{},"_coverageSchema":"1a1c01bbd47fc00a2c39e90264f33305004495a9","hash":"3f050c878df0d76fca0d21ebf7e76199a5c0fee2"}
,"C:\\Users\\sami_\\OneDrive\\Desktop\\NodeJS Avanzado\\venta-boletos\\Backend\\controllers\\dashboardController.js": {"path":"C:\\Users\\sami_\\OneDrive\\Desktop\\NodeJS Avanzado\\venta-boletos\\Backend\\controllers\\dashboardController.js","statementMap":{"0":{"start":{"line":4,"column":35},"end":{"line":22,"column":1}},"1":{"start":{"line":6,"column":2},"end":{"line":8,"column":3}},"2":{"start":{"line":7,"column":4},"end":{"line":7,"column":83}},"3":{"start":{"line":9,"column":2},"end":{"line":21,"column":3}},"4":{"start":{"line":10,"column":19},"end":{"line":15,"column":6}},"5":{"start":{"line":17,"column":4},"end":{"line":17,"column":41}},"6":{"start":{"line":19,"column":4},"end":{"line":19,"column":59}},"7":{"start":{"line":20,"column":4},"end":{"line":20,"column":83}},"8":{"start":{"line":24,"column":39},"end":{"line":44,"column":1}},"9":{"start":{"line":26,"column":2},"end":{"line":28,"column":3}},"10":{"start":{"line":27,"column":4},"end":{"line":27,"column":83}},"11":{"start":{"line":30,"column":2},"end":{"line":43,"column":3}},"12":{"start":{"line":31,"column":19},"end":{"line":37,"column":6}},"13":{"start":{"line":39,"column":4},"end":{"line":39,"column":41}},"14":{"start":{"line":41,"column":4},"end":{"line":41,"column":65}},"15":{"start":{"line":42,"column":4},"end":{"line":42,"column":89}},"16":{"start":{"line":46,"column":38},"end":{"line":73,"column":1}},"17":{"start":{"line":48,"column":2},"end":{"line":50,"column":3}},"18":{"start":{"line":49,"column":4},"end":{"line":49,"column":83}},"19":{"start":{"line":52,"column":2},"end":{"line":72,"column":3}},"20":{"start":{"line":53,"column":19},"end":{"line":66,"column":6}},"21":{"start":{"line":68,"column":4},"end":{"line":68,"column":38}},"22":{"start":{"line":70,"column":4},"end":{"line":70,"column":64}},"23":{"start":{"line":71,"column":4},"end":{"line":71,"column":88}}},"fnMap":{"0":{"name":"(anonymous_0)","decl":{"start":{"line":4,"column":35},"end":{"line":4,"column":36}},"loc":{"start":{"line":4,"column":55},"end":{"line":22,"column":1}},"line":4},"1":{"name":"(anonymous_1)","decl":{"start":{"line":24,"column":39},"end":{"line":24,"column":40}},"loc":{"start":{"line":24,"column":59},"end":{"line":44,"column":1}},"line":24},"2":{"name":"(anonymous_2)","decl":{"start":{"line":46,"column":38},"end":{"line":46,"column":39}},"loc":{"start":{"line":46,"column":58},"end":{"line":73,"column":1}},"line":46}},"branchMap":{"0":{"loc":{"start":{"line":6,"column":2},"end":{"line":8,"column":3}},"type":"if","locations":[{"start":{"line":6,"column":2},"end":{"line":8,"column":3}},{"start":{},"end":{}}],"line":6},"1":{"loc":{"start":{"line":26,"column":2},"end":{"line":28,"column":3}},"type":"if","locations":[{"start":{"line":26,"column":2},"end":{"line":28,"column":3}},{"start":{},"end":{}}],"line":26},"2":{"loc":{"start":{"line":48,"column":2},"end":{"line":50,"column":3}},"type":"if","locations":[{"start":{"line":48,"column":2},"end":{"line":50,"column":3}},{"start":{},"end":{}}],"line":48}},"s":{"0":1,"1":0,"2":0,"3":0,"4":0,"5":0,"6":0,"7":0,"8":1,"9":0,"10":0,"11":0,"12":0,"13":0,"14":0,"15":0,"16":1,"17":0,"18":0,"19":0,"20":0,"21":0,"22":0,"23":0},"f":{"0":0,"1":0,"2":0},"b":{"0":[0,0],"1":[0,0],"2":[0,0]},"_coverageSchema":"1a1c01bbd47fc00a2c39e90264f33305004495a9","hash":"751034db92c3471aa2f1a0385e1000169909f565"}
,"C:\\Users\\sami_\\OneDrive\\Desktop\\NodeJS Avanzado\\venta-boletos\\Backend\\controllers\\eventController.js": {"path":"C:\\Users\\sami_\\OneDrive\\Desktop\\NodeJS Avanzado\\venta-boletos\\Backend\\controllers\\eventController.js","statementMap":{"0":{"start":{"line":4,"column":27},"end":{"line":53,"column":1}},"1":{"start":{"line":5,"column":2},"end":{"line":7,"column":3}},"2":{"start":{"line":6,"column":4},"end":{"line":6,"column":61}},"3":{"start":{"line":8,"column":57},"end":{"line":8,"column":65}},"4":{"start":{"line":9,"column":2},"end":{"line":11,"column":3}},"5":{"start":{"line":10,"column":4},"end":{"line":10,"column":72}},"6":{"start":{"line":14,"column":20},"end":{"line":14,"column":51}},"7":{"start":{"line":15,"column":2},"end":{"line":25,"column":3}},"8":{"start":{"line":22,"column":4},"end":{"line":24,"column":68}},"9":{"start":{"line":27,"column":2},"end":{"line":52,"column":3}},"10":{"start":{"line":28,"column":25},"end":{"line":28,"column":26}},"11":{"start":{"line":29,"column":30},"end":{"line":29,"column":43}},"12":{"start":{"line":32,"column":19},"end":{"line":43,"column":5}},"13":{"start":{"line":45,"column":4},"end":{"line":48,"column":7}},"14":{"start":{"line":50,"column":4},"end":{"line":50,"column":25}},"15":{"start":{"line":51,"column":4},"end":{"line":51,"column":78}},"16":{"start":{"line":56,"column":25},"end":{"line":69,"column":1}},"17":{"start":{"line":57,"column":2},"end":{"line":68,"column":3}},"18":{"start":{"line":58,"column":19},"end":{"line":60,"column":5}},"19":{"start":{"line":62,"column":4},"end":{"line":62,"column":38}},"20":{"start":{"line":64,"column":4},"end":{"line":64,"column":25}},"21":{"start":{"line":65,"column":4},"end":{"line":67,"column":69}},"22":{"start":{"line":72,"column":30},"end":{"line":106,"column":1}},"23":{"start":{"line":73,"column":2},"end":{"line":77,"column":3}},"24":{"start":{"line":74,"column":4},"end":{"line":76,"column":7}},"25":{"start":{"line":79,"column":27},"end":{"line":79,"column":37}},"26":{"start":{"line":81,"column":2},"end":{"line":105,"column":3}},"27":{"start":{"line":82,"column":19},"end":{"line":85,"column":5}},"28":{"start":{"line":87,"column":4},"end":{"line":89,"column":5}},"29":{"start":{"line":88,"column":6},"end":{"line":88,"column":67}},"30":{"start":{"line":91,"column":4},"end":{"line":95,"column":5}},"31":{"start":{"line":92,"column":6},"end":{"line":94,"column":9}},"32":{"start":{"line":97,"column":4},"end":{"line":97,"column":76}},"33":{"start":{"line":99,"column":4},"end":{"line":99,"column":68}},"34":{"start":{"line":101,"column":4},"end":{"line":101,"column":25}},"35":{"start":{"line":102,"column":4},"end":{"line":104,"column":68}}},"fnMap":{"0":{"name":"(anonymous_0)","decl":{"start":{"line":4,"column":27},"end":{"line":4,"column":28}},"loc":{"start":{"line":4,"column":47},"end":{"line":53,"column":1}},"line":4},"1":{"name":"(anonymous_1)","decl":{"start":{"line":56,"column":25},"end":{"line":56,"column":26}},"loc":{"start":{"line":56,"column":45},"end":{"line":69,"column":1}},"line":56},"2":{"name":"(anonymous_2)","decl":{"start":{"line":72,"column":30},"end":{"line":72,"column":31}},"loc":{"start":{"line":72,"column":50},"end":{"line":106,"column":1}},"line":72}},"branchMap":{"0":{"loc":{"start":{"line":5,"column":2},"end":{"line":7,"column":3}},"type":"if","locations":[{"start":{"line":5,"column":2},"end":{"line":7,"column":3}},{"start":{},"end":{}}],"line":5},"1":{"loc":{"start":{"line":9,"column":2},"end":{"line":11,"column":3}},"type":"if","locations":[{"start":{"line":9,"column":2},"end":{"line":11,"column":3}},{"start":{},"end":{}}],"line":9},"2":{"loc":{"start":{"line":15,"column":2},"end":{"line":25,"column":3}},"type":"if","locations":[{"start":{"line":15,"column":2},"end":{"line":25,"column":3}},{"start":{},"end":{}}],"line":15},"3":{"loc":{"start":{"line":16,"column":4},"end":{"line":20,"column":22}},"type":"binary-expr","locations":[{"start":{"line":16,"column":4},"end":{"line":16,"column":10}},{"start":{"line":17,"column":4},"end":{"line":17,"column":13}},{"start":{"line":18,"column":4},"end":{"line":18,"column":15}},{"start":{"line":19,"column":4},"end":{"line":19,"column":18}},{"start":{"line":20,"column":4},"end":{"line":20,"column":22}}],"line":16},"4":{"loc":{"start":{"line":73,"column":2},"end":{"line":77,"column":3}},"type":"if","locations":[{"start":{"line":73,"column":2},"end":{"line":77,"column":3}},{"start":{},"end":{}}],"line":73},"5":{"loc":{"start":{"line":87,"column":4},"end":{"line":89,"column":5}},"type":"if","locations":[{"start":{"line":87,"column":4},"end":{"line":89,"column":5}},{"start":{},"end":{}}],"line":87},"6":{"loc":{"start":{"line":91,"column":4},"end":{"line":95,"column":5}},"type":"if","locations":[{"start":{"line":91,"column":4},"end":{"line":95,"column":5}},{"start":{},"end":{}}],"line":91}},"s":{"0":1,"1":4,"2":2,"3":2,"4":2,"5":0,"6":2,"7":2,"8":0,"9":2,"10":2,"11":2,"12":2,"13":2,"14":0,"15":0,"16":1,"17":1,"18":1,"19":1,"20":0,"21":0,"22":1,"23":3,"24":1,"25":2,"26":2,"27":2,"28":2,"29":0,"30":2,"31":0,"32":2,"33":2,"34":0,"35":0},"f":{"0":4,"1":1,"2":3},"b":{"0":[2,2],"1":[0,2],"2":[0,2],"3":[2,2,2,2,2],"4":[1,2],"5":[0,2],"6":[0,2]},"_coverageSchema":"1a1c01bbd47fc00a2c39e90264f33305004495a9","hash":"3b3be3c2402ac29f84b61cce209a23417c57d3c6"}
,"C:\\Users\\sami_\\OneDrive\\Desktop\\NodeJS Avanzado\\venta-boletos\\Backend\\controllers\\ticketController.js": {"path":"C:\\Users\\sami_\\OneDrive\\Desktop\\NodeJS Avanzado\\venta-boletos\\Backend\\controllers\\ticketController.js","statementMap":{"0":{"start":{"line":3,"column":29},"end":{"line":61,"column":1}},"1":{"start":{"line":4,"column":39},"end":{"line":4,"column":47}},"2":{"start":{"line":5,"column":24},"end":{"line":5,"column":32}},"3":{"start":{"line":7,"column":4},"end":{"line":9,"column":5}},"4":{"start":{"line":8,"column":8},"end":{"line":8,"column":79}},"5":{"start":{"line":13,"column":4},"end":{"line":60,"column":5}},"6":{"start":{"line":14,"column":8},"end":{"line":14,"column":38}},"7":{"start":{"line":15,"column":8},"end":{"line":15,"column":36}},"8":{"start":{"line":17,"column":28},"end":{"line":20,"column":9}},"9":{"start":{"line":22,"column":8},"end":{"line":25,"column":9}},"10":{"start":{"line":23,"column":12},"end":{"line":23,"column":43}},"11":{"start":{"line":24,"column":12},"end":{"line":24,"column":73}},"12":{"start":{"line":27,"column":22},"end":{"line":27,"column":41}},"13":{"start":{"line":29,"column":8},"end":{"line":32,"column":9}},"14":{"start":{"line":30,"column":12},"end":{"line":30,"column":43}},"15":{"start":{"line":31,"column":12},"end":{"line":31,"column":92}},"16":{"start":{"line":34,"column":31},"end":{"line":34,"column":64}},"17":{"start":{"line":35,"column":36},"end":{"line":35,"column":74}},"18":{"start":{"line":37,"column":8},"end":{"line":40,"column":10}},"19":{"start":{"line":42,"column":34},"end":{"line":45,"column":9}},"20":{"start":{"line":47,"column":8},"end":{"line":47,"column":37}},"21":{"start":{"line":49,"column":8},"end":{"line":52,"column":11}},"22":{"start":{"line":55,"column":8},"end":{"line":55,"column":51}},"23":{"start":{"line":55,"column":20},"end":{"line":55,"column":51}},"24":{"start":{"line":56,"column":8},"end":{"line":56,"column":29}},"25":{"start":{"line":57,"column":8},"end":{"line":57,"column":85}},"26":{"start":{"line":59,"column":8},"end":{"line":59,"column":37}},"27":{"start":{"line":59,"column":20},"end":{"line":59,"column":37}},"28":{"start":{"line":63,"column":37},"end":{"line":88,"column":1}},"29":{"start":{"line":64,"column":24},"end":{"line":64,"column":32}},"30":{"start":{"line":66,"column":4},"end":{"line":87,"column":5}},"31":{"start":{"line":67,"column":23},"end":{"line":80,"column":9}},"32":{"start":{"line":82,"column":8},"end":{"line":82,"column":42}},"33":{"start":{"line":85,"column":8},"end":{"line":85,"column":29}},"34":{"start":{"line":86,"column":8},"end":{"line":86,"column":87}},"35":{"start":{"line":90,"column":30},"end":{"line":149,"column":1}},"36":{"start":{"line":91,"column":35},"end":{"line":91,"column":45}},"37":{"start":{"line":92,"column":24},"end":{"line":92,"column":32}},"38":{"start":{"line":96,"column":4},"end":{"line":148,"column":5}},"39":{"start":{"line":97,"column":8},"end":{"line":97,"column":38}},"40":{"start":{"line":98,"column":8},"end":{"line":98,"column":36}},"41":{"start":{"line":100,"column":28},"end":{"line":103,"column":9}},"42":{"start":{"line":105,"column":8},"end":{"line":108,"column":9}},"43":{"start":{"line":106,"column":12},"end":{"line":106,"column":43}},"44":{"start":{"line":107,"column":12},"end":{"line":107,"column":73}},"45":{"start":{"line":110,"column":28},"end":{"line":110,"column":47}},"46":{"start":{"line":112,"column":8},"end":{"line":115,"column":9}},"47":{"start":{"line":113,"column":12},"end":{"line":113,"column":43}},"48":{"start":{"line":114,"column":12},"end":{"line":114,"column":102}},"49":{"start":{"line":117,"column":28},"end":{"line":120,"column":9}},"50":{"start":{"line":122,"column":8},"end":{"line":131,"column":9}},"51":{"start":{"line":123,"column":26},"end":{"line":123,"column":45}},"52":{"start":{"line":124,"column":35},"end":{"line":124,"column":80}},"53":{"start":{"line":125,"column":40},"end":{"line":125,"column":90}},"54":{"start":{"line":127,"column":12},"end":{"line":130,"column":14}},"55":{"start":{"line":133,"column":8},"end":{"line":136,"column":10}},"56":{"start":{"line":138,"column":8},"end":{"line":138,"column":37}},"57":{"start":{"line":140,"column":8},"end":{"line":140,"column":72}},"58":{"start":{"line":143,"column":8},"end":{"line":143,"column":51}},"59":{"start":{"line":143,"column":20},"end":{"line":143,"column":51}},"60":{"start":{"line":144,"column":8},"end":{"line":144,"column":29}},"61":{"start":{"line":145,"column":8},"end":{"line":145,"column":85}},"62":{"start":{"line":147,"column":8},"end":{"line":147,"column":37}},"63":{"start":{"line":147,"column":20},"end":{"line":147,"column":37}}},"fnMap":{"0":{"name":"(anonymous_0)","decl":{"start":{"line":3,"column":29},"end":{"line":3,"column":30}},"loc":{"start":{"line":3,"column":49},"end":{"line":61,"column":1}},"line":3},"1":{"name":"(anonymous_1)","decl":{"start":{"line":63,"column":37},"end":{"line":63,"column":38}},"loc":{"start":{"line":63,"column":57},"end":{"line":88,"column":1}},"line":63},"2":{"name":"(anonymous_2)","decl":{"start":{"line":90,"column":30},"end":{"line":90,"column":31}},"loc":{"start":{"line":90,"column":50},"end":{"line":149,"column":1}},"line":90}},"branchMap":{"0":{"loc":{"start":{"line":7,"column":4},"end":{"line":9,"column":5}},"type":"if","locations":[{"start":{"line":7,"column":4},"end":{"line":9,"column":5}},{"start":{},"end":{}}],"line":7},"1":{"loc":{"start":{"line":7,"column":8},"end":{"line":7,"column":55}},"type":"binary-expr","locations":[{"start":{"line":7,"column":8},"end":{"line":7,"column":17}},{"start":{"line":7,"column":21},"end":{"line":7,"column":34}},{"start":{"line":7,"column":38},"end":{"line":7,"column":55}}],"line":7},"2":{"loc":{"start":{"line":22,"column":8},"end":{"line":25,"column":9}},"type":"if","locations":[{"start":{"line":22,"column":8},"end":{"line":25,"column":9}},{"start":{},"end":{}}],"line":22},"3":{"loc":{"start":{"line":29,"column":8},"end":{"line":32,"column":9}},"type":"if","locations":[{"start":{"line":29,"column":8},"end":{"line":32,"column":9}},{"start":{},"end":{}}],"line":29},"4":{"loc":{"start":{"line":55,"column":8},"end":{"line":55,"column":51}},"type":"if","locations":[{"start":{"line":55,"column":8},"end":{"line":55,"column":51}},{"start":{},"end":{}}],"line":55},"5":{"loc":{"start":{"line":59,"column":8},"end":{"line":59,"column":37}},"type":"if","locations":[{"start":{"line":59,"column":8},"end":{"line":59,"column":37}},{"start":{},"end":{}}],"line":59},"6":{"loc":{"start":{"line":105,"column":8},"end":{"line":108,"column":9}},"type":"if","locations":[{"start":{"line":105,"column":8},"end":{"line":108,"column":9}},{"start":{},"end":{}}],"line":105},"7":{"loc":{"start":{"line":112,"column":8},"end":{"line":115,"column":9}},"type":"if","locations":[{"start":{"line":112,"column":8},"end":{"line":115,"column":9}},{"start":{},"end":{}}],"line":112},"8":{"loc":{"start":{"line":122,"column":8},"end":{"line":131,"column":9}},"type":"if","locations":[{"start":{"line":122,"column":8},"end":{"line":131,"column":9}},{"start":{},"end":{}}],"line":122},"9":{"loc":{"start":{"line":143,"column":8},"end":{"line":143,"column":51}},"type":"if","locations":[{"start":{"line":143,"column":8},"end":{"line":143,"column":51}},{"start":{},"end":{}}],"line":143},"10":{"loc":{"start":{"line":147,"column":8},"end":{"line":147,"column":37}},"type":"if","locations":[{"start":{"line":147,"column":8},"end":{"line":147,"column":37}},{"start":{},"end":{}}],"line":147}},"s":{"0":1,"1":2,"2":2,"3":2,"4":0,"5":2,"6":2,"7":2,"8":2,"9":2,"10":0,"11":0,"12":2,"13":2,"14":1,"15":1,"16":1,"17":1,"18":1,"19":1,"20":1,"21":1,"22":0,"23":0,"24":0,"25":0,"26":2,"27":2,"28":1,"29":1,"30":1,"31":1,"32":1,"33":0,"34":0,"35":1,"36":1,"37":1,"38":1,"39":1,"40":1,"41":1,"42":1,"43":0,"44":0,"45":1,"46":1,"47":0,"48":0,"49":1,"50":1,"51":1,"52":1,"53":1,"54":1,"55":1,"56":1,"57":1,"58":0,"59":0,"60":0,"61":0,"62":1,"63":1},"f":{"0":2,"1":1,"2":1},"b":{"0":[0,2],"1":[2,2,2],"2":[0,2],"3":[1,1],"4":[0,0],"5":[2,0],"6":[0,1],"7":[0,1],"8":[1,0],"9":[0,0],"10":[1,0]},"_coverageSchema":"1a1c01bbd47fc00a2c39e90264f33305004495a9","hash":"6806010818d5fa95d460444a908aee3367791862"}
,"C:\\Users\\sami_\\OneDrive\\Desktop\\NodeJS Avanzado\\venta-boletos\\Backend\\controllers\\usuarioController.js": {"path":"C:\\Users\\sami_\\OneDrive\\Desktop\\NodeJS Avanzado\\venta-boletos\\Backend\\controllers\\usuarioController.js","statementMap":{"0":{"start":{"line":5,"column":0},"end":{"line":5,"column":16}},"1":{"start":{"line":7,"column":19},"end":{"line":7,"column":41}},"2":{"start":{"line":10,"column":32},"end":{"line":31,"column":1}},"3":{"start":{"line":11,"column":38},"end":{"line":11,"column":46}},"4":{"start":{"line":12,"column":33},"end":{"line":12,"column":34}},"5":{"start":{"line":13,"column":4},"end":{"line":30,"column":5}},"6":{"start":{"line":14,"column":23},"end":{"line":17,"column":9}},"7":{"start":{"line":18,"column":8},"end":{"line":20,"column":9}},"8":{"start":{"line":19,"column":12},"end":{"line":19,"column":77}},"9":{"start":{"line":22,"column":8},"end":{"line":25,"column":10}},"10":{"start":{"line":26,"column":8},"end":{"line":26,"column":77}},"11":{"start":{"line":28,"column":8},"end":{"line":28,"column":60}},"12":{"start":{"line":29,"column":8},"end":{"line":29,"column":64}},"13":{"start":{"line":34,"column":28},"end":{"line":59,"column":1}},"14":{"start":{"line":35,"column":32},"end":{"line":35,"column":40}},"15":{"start":{"line":36,"column":4},"end":{"line":58,"column":5}},"16":{"start":{"line":37,"column":26},"end":{"line":40,"column":9}},"17":{"start":{"line":41,"column":8},"end":{"line":43,"column":9}},"18":{"start":{"line":42,"column":12},"end":{"line":42,"column":88}},"19":{"start":{"line":44,"column":21},"end":{"line":44,"column":38}},"20":{"start":{"line":45,"column":31},"end":{"line":45,"column":76}},"21":{"start":{"line":46,"column":8},"end":{"line":48,"column":9}},"22":{"start":{"line":47,"column":12},"end":{"line":47,"column":88}},"23":{"start":{"line":49,"column":22},"end":{"line":53,"column":9}},"24":{"start":{"line":54,"column":8},"end":{"line":54,"column":28}},"25":{"start":{"line":56,"column":8},"end":{"line":56,"column":57}},"26":{"start":{"line":57,"column":8},"end":{"line":57,"column":64}},"27":{"start":{"line":62,"column":29},"end":{"line":77,"column":1}},"28":{"start":{"line":63,"column":4},"end":{"line":76,"column":5}},"29":{"start":{"line":64,"column":24},"end":{"line":64,"column":40}},"30":{"start":{"line":65,"column":26},"end":{"line":68,"column":9}},"31":{"start":{"line":69,"column":8},"end":{"line":71,"column":9}},"32":{"start":{"line":70,"column":12},"end":{"line":70,"column":78}},"33":{"start":{"line":72,"column":8},"end":{"line":72,"column":36}},"34":{"start":{"line":74,"column":8},"end":{"line":74,"column":65}},"35":{"start":{"line":75,"column":8},"end":{"line":75,"column":84}}},"fnMap":{"0":{"name":"(anonymous_0)","decl":{"start":{"line":10,"column":32},"end":{"line":10,"column":33}},"loc":{"start":{"line":10,"column":52},"end":{"line":31,"column":1}},"line":10},"1":{"name":"(anonymous_1)","decl":{"start":{"line":34,"column":28},"end":{"line":34,"column":29}},"loc":{"start":{"line":34,"column":48},"end":{"line":59,"column":1}},"line":34},"2":{"name":"(anonymous_2)","decl":{"start":{"line":62,"column":29},"end":{"line":62,"column":30}},"loc":{"start":{"line":62,"column":49},"end":{"line":77,"column":1}},"line":62}},"branchMap":{"0":{"loc":{"start":{"line":18,"column":8},"end":{"line":20,"column":9}},"type":"if","locations":[{"start":{"line":18,"column":8},"end":{"line":20,"column":9}},{"start":{},"end":{}}],"line":18},"1":{"loc":{"start":{"line":41,"column":8},"end":{"line":43,"column":9}},"type":"if","locations":[{"start":{"line":41,"column":8},"end":{"line":43,"column":9}},{"start":{},"end":{}}],"line":41},"2":{"loc":{"start":{"line":46,"column":8},"end":{"line":48,"column":9}},"type":"if","locations":[{"start":{"line":46,"column":8},"end":{"line":48,"column":9}},{"start":{},"end":{}}],"line":46},"3":{"loc":{"start":{"line":69,"column":8},"end":{"line":71,"column":9}},"type":"if","locations":[{"start":{"line":69,"column":8},"end":{"line":71,"column":9}},{"start":{},"end":{}}],"line":69}},"s":{"0":1,"1":1,"2":1,"3":2,"4":2,"5":2,"6":2,"7":2,"8":1,"9":1,"10":1,"11":0,"12":0,"13":1,"14":3,"15":3,"16":3,"17":3,"18":0,"19":3,"20":3,"21":3,"22":1,"23":2,"24":2,"25":0,"26":0,"27":1,"28":0,"29":0,"30":0,"31":0,"32":0,"33":0,"34":0,"35":0},"f":{"0":2,"1":3,"2":0},"b":{"0":[1,1],"1":[0,3],"2":[1,2],"3":[0,0]},"_coverageSchema":"1a1c01bbd47fc00a2c39e90264f33305004495a9","hash":"fc06315bf5bf46e54df49d94234d18a81174e831"}
,"C:\\Users\\sami_\\OneDrive\\Desktop\\NodeJS Avanzado\\venta-boletos\\Backend\\middleware\\auth.js": {"path":"C:\\Users\\sami_\\OneDrive\\Desktop\\NodeJS Avanzado\\venta-boletos\\Backend\\middleware\\auth.js","statementMap":{"0":{"start":{"line":3,"column":0},"end":{"line":3,"column":16}},"1":{"start":{"line":5,"column":19},"end":{"line":5,"column":41}},"2":{"start":{"line":7,"column":23},"end":{"line":24,"column":1}},"3":{"start":{"line":8,"column":21},"end":{"line":8,"column":46}},"4":{"start":{"line":9,"column":2},"end":{"line":11,"column":3}},"5":{"start":{"line":10,"column":4},"end":{"line":10,"column":70}},"6":{"start":{"line":13,"column":16},"end":{"line":13,"column":40}},"7":{"start":{"line":15,"column":2},"end":{"line":23,"column":3}},"8":{"start":{"line":16,"column":20},"end":{"line":16,"column":49}},"9":{"start":{"line":17,"column":4},"end":{"line":17,"column":62}},"10":{"start":{"line":18,"column":4},"end":{"line":18,"column":48}},"11":{"start":{"line":19,"column":4},"end":{"line":19,"column":23}},"12":{"start":{"line":20,"column":4},"end":{"line":20,"column":11}},"13":{"start":{"line":22,"column":4},"end":{"line":22,"column":62}},"14":{"start":{"line":26,"column":25},"end":{"line":33,"column":1}},"15":{"start":{"line":27,"column":2},"end":{"line":32,"column":4}},"16":{"start":{"line":28,"column":4},"end":{"line":30,"column":5}},"17":{"start":{"line":29,"column":6},"end":{"line":29,"column":98}},"18":{"start":{"line":31,"column":4},"end":{"line":31,"column":11}}},"fnMap":{"0":{"name":"(anonymous_0)","decl":{"start":{"line":7,"column":23},"end":{"line":7,"column":24}},"loc":{"start":{"line":7,"column":43},"end":{"line":24,"column":1}},"line":7},"1":{"name":"(anonymous_1)","decl":{"start":{"line":26,"column":25},"end":{"line":26,"column":26}},"loc":{"start":{"line":26,"column":43},"end":{"line":33,"column":1}},"line":26},"2":{"name":"(anonymous_2)","decl":{"start":{"line":27,"column":9},"end":{"line":27,"column":10}},"loc":{"start":{"line":27,"column":29},"end":{"line":32,"column":3}},"line":27}},"branchMap":{"0":{"loc":{"start":{"line":9,"column":2},"end":{"line":11,"column":3}},"type":"if","locations":[{"start":{"line":9,"column":2},"end":{"line":11,"column":3}},{"start":{},"end":{}}],"line":9},"1":{"loc":{"start":{"line":9,"column":6},"end":{"line":9,"column":53}},"type":"binary-expr","locations":[{"start":{"line":9,"column":6},"end":{"line":9,"column":17}},{"start":{"line":9,"column":21},"end":{"line":9,"column":53}}],"line":9},"2":{"loc":{"start":{"line":28,"column":4},"end":{"line":30,"column":5}},"type":"if","locations":[{"start":{"line":28,"column":4},"end":{"line":30,"column":5}},{"start":{},"end":{}}],"line":28},"3":{"loc":{"start":{"line":28,"column":8},"end":{"line":28,"column":66}},"type":"binary-expr","locations":[{"start":{"line":28,"column":8},"end":{"line":28,"column":17}},{"start":{"line":28,"column":21},"end":{"line":28,"column":66}}],"line":28}},"s":{"0":1,"1":1,"2":1,"3":14,"4":14,"5":1,"6":13,"7":13,"8":13,"9":12,"10":12,"11":12,"12":12,"13":1,"14":1,"15":0,"16":0,"17":0,"18":0},"f":{"0":14,"1":0,"2":0},"b":{"0":[1,13],"1":[14,13],"2":[0,0],"3":[0,0]},"_coverageSchema":"1a1c01bbd47fc00a2c39e90264f33305004495a9","hash":"54bb5ab82b02ac94cc5dca972e020b0814388334"}
,"C:\\Users\\sami_\\OneDrive\\Desktop\\NodeJS Avanzado\\venta-boletos\\Backend\\middleware\\hashPassword.js": {"path":"C:\\Users\\sami_\\OneDrive\\Desktop\\NodeJS Avanzado\\venta-boletos\\Backend\\middleware\\hashPassword.js","statementMap":{"0":{"start":{"line":4,"column":31},"end":{"line":27,"column":1}},"1":{"start":{"line":5,"column":2},"end":{"line":26,"column":3}},"2":{"start":{"line":7,"column":4},"end":{"line":20,"column":5}},"3":{"start":{"line":9,"column":30},"end":{"line":10,"column":66}},"4":{"start":{"line":12,"column":6},"end":{"line":19,"column":7}},"5":{"start":{"line":13,"column":8},"end":{"line":13,"column":47}},"6":{"start":{"line":14,"column":21},"end":{"line":14,"column":45}},"7":{"start":{"line":15,"column":8},"end":{"line":15,"column":71}},"8":{"start":{"line":16,"column":8},"end":{"line":16,"column":56}},"9":{"start":{"line":18,"column":8},"end":{"line":18,"column":67}},"10":{"start":{"line":22,"column":4},"end":{"line":22,"column":11}},"11":{"start":{"line":24,"column":4},"end":{"line":24,"column":56}},"12":{"start":{"line":25,"column":4},"end":{"line":25,"column":73}}},"fnMap":{"0":{"name":"(anonymous_0)","decl":{"start":{"line":4,"column":31},"end":{"line":4,"column":32}},"loc":{"start":{"line":4,"column":57},"end":{"line":27,"column":1}},"line":4}},"branchMap":{"0":{"loc":{"start":{"line":7,"column":4},"end":{"line":20,"column":5}},"type":"if","locations":[{"start":{"line":7,"column":4},"end":{"line":20,"column":5}},{"start":{},"end":{}}],"line":7},"1":{"loc":{"start":{"line":9,"column":30},"end":{"line":10,"column":66}},"type":"binary-expr","locations":[{"start":{"line":9,"column":30},"end":{"line":9,"column":66}},{"start":{"line":10,"column":30},"end":{"line":10,"column":66}}],"line":9},"2":{"loc":{"start":{"line":12,"column":6},"end":{"line":19,"column":7}},"type":"if","locations":[{"start":{"line":12,"column":6},"end":{"line":19,"column":7}},{"start":{"line":17,"column":13},"end":{"line":19,"column":7}}],"line":12}},"s":{"0":1,"1":2,"2":2,"3":2,"4":2,"5":2,"6":2,"7":2,"8":2,"9":0,"10":2,"11":0,"12":0},"f":{"0":2},"b":{"0":[2,0],"1":[2,2],"2":[2,0]},"_coverageSchema":"1a1c01bbd47fc00a2c39e90264f33305004495a9","hash":"1223d106e0cd8e6f7a50fd456a73045fe67c229b"}
,"C:\\Users\\sami_\\OneDrive\\Desktop\\NodeJS Avanzado\\venta-boletos\\Backend\\middleware\\uploadImage.js": {"path":"C:\\Users\\sami_\\OneDrive\\Desktop\\NodeJS Avanzado\\venta-boletos\\Backend\\middleware\\uploadImage.js","statementMap":{"0":{"start":{"line":6,"column":19},"end":{"line":6,"column":49}},"1":{"start":{"line":7,"column":18},"end":{"line":7,"column":42}},"2":{"start":{"line":9,"column":16},"end":{"line":23,"column":2}},"3":{"start":{"line":11,"column":23},"end":{"line":11,"column":57}},"4":{"start":{"line":13,"column":4},"end":{"line":15,"column":5}},"5":{"start":{"line":14,"column":6},"end":{"line":14,"column":52}},"6":{"start":{"line":17,"column":4},"end":{"line":17,"column":25}},"7":{"start":{"line":20,"column":25},"end":{"line":20,"column":75}},"8":{"start":{"line":21,"column":4},"end":{"line":21,"column":61}},"9":{"start":{"line":25,"column":19},"end":{"line":31,"column":1}},"10":{"start":{"line":26,"column":2},"end":{"line":30,"column":3}},"11":{"start":{"line":27,"column":4},"end":{"line":27,"column":19}},"12":{"start":{"line":29,"column":4},"end":{"line":29,"column":64}},"13":{"start":{"line":33,"column":22},"end":{"line":37,"column":2}}},"fnMap":{"0":{"name":"(anonymous_0)","decl":{"start":{"line":10,"column":15},"end":{"line":10,"column":16}},"loc":{"start":{"line":10,"column":40},"end":{"line":18,"column":3}},"line":10},"1":{"name":"(anonymous_1)","decl":{"start":{"line":19,"column":12},"end":{"line":19,"column":13}},"loc":{"start":{"line":19,"column":37},"end":{"line":22,"column":3}},"line":19},"2":{"name":"(anonymous_2)","decl":{"start":{"line":25,"column":19},"end":{"line":25,"column":20}},"loc":{"start":{"line":25,"column":38},"end":{"line":31,"column":1}},"line":25}},"branchMap":{"0":{"loc":{"start":{"line":13,"column":4},"end":{"line":15,"column":5}},"type":"if","locations":[{"start":{"line":13,"column":4},"end":{"line":15,"column":5}},{"start":{},"end":{}}],"line":13},"1":{"loc":{"start":{"line":26,"column":2},"end":{"line":30,"column":3}},"type":"if","locations":[{"start":{"line":26,"column":2},"end":{"line":30,"column":3}},{"start":{"line":28,"column":9},"end":{"line":30,"column":3}}],"line":26},"2":{"loc":{"start":{"line":26,"column":6},"end":{"line":26,"column":69}},"type":"binary-expr","locations":[{"start":{"line":26,"column":6},"end":{"line":26,"column":36}},{"start":{"line":26,"column":40},"end":{"line":26,"column":69}}],"line":26}},"s":{"0":1,"1":1,"2":1,"3":3,"4":3,"5":0,"6":3,"7":3,"8":3,"9":1,"10":3,"11":3,"12":0,"13":1},"f":{"0":3,"1":3,"2":3},"b":{"0":[0,3],"1":[3,0],"2":[3,0]},"_coverageSchema":"1a1c01bbd47fc00a2c39e90264f33305004495a9","hash":"b1130d229459a8339d84647617485e9a8eb13ae2"}
,"C:\\Users\\sami_\\OneDrive\\Desktop\\NodeJS Avanzado\\venta-boletos\\Backend\\routes\\dashboardRoutes.js": {"path":"C:\\Users\\sami_\\OneDrive\\Desktop\\NodeJS Avanzado\\venta-boletos\\Backend\\routes\\dashboardRoutes.js","statementMap":{"0":{"start":{"line":9,"column":15},"end":{"line":9,"column":31}},"1":{"start":{"line":12,"column":0},"end":{"line":12,"column":65}},"2":{"start":{"line":13,"column":0},"end":{"line":13,"column":71}},"3":{"start":{"line":14,"column":0},"end":{"line":14,"column":69}}},"fnMap":{},"branchMap":{},"s":{"0":1,"1":1,"2":1,"3":1},"f":{},"b":{},"_coverageSchema":"1a1c01bbd47fc00a2c39e90264f33305004495a9","hash":"8334b020ab8c39928bc868df9d2a02088d7cb2ee"}
,"C:\\Users\\sami_\\OneDrive\\Desktop\\NodeJS Avanzado\\venta-boletos\\Backend\\routes\\eventRoutes.js": {"path":"C:\\Users\\sami_\\OneDrive\\Desktop\\NodeJS Avanzado\\venta-boletos\\Backend\\routes\\eventRoutes.js","statementMap":{"0":{"start":{"line":10,"column":15},"end":{"line":10,"column":31}},"1":{"start":{"line":12,"column":0},"end":{"line":12,"column":86}},"2":{"start":{"line":13,"column":0},"end":{"line":13,"column":53}},"3":{"start":{"line":14,"column":0},"end":{"line":14,"column":65}}},"fnMap":{},"branchMap":{},"s":{"0":1,"1":1,"2":1,"3":1},"f":{},"b":{},"_coverageSchema":"1a1c01bbd47fc00a2c39e90264f33305004495a9","hash":"97921a0e0f859c50550db6534adbe9ff9c1ecfc5"}
,"C:\\Users\\sami_\\OneDrive\\Desktop\\NodeJS Avanzado\\venta-boletos\\Backend\\routes\\ticketRoutes.js": {"path":"C:\\Users\\sami_\\OneDrive\\Desktop\\NodeJS Avanzado\\venta-boletos\\Backend\\routes\\ticketRoutes.js","statementMap":{"0":{"start":{"line":9,"column":15},"end":{"line":9,"column":31}},"1":{"start":{"line":11,"column":0},"end":{"line":11,"column":59}},"2":{"start":{"line":12,"column":0},"end":{"line":12,"column":65}},"3":{"start":{"line":13,"column":0},"end":{"line":13,"column":65}}},"fnMap":{},"branchMap":{},"s":{"0":1,"1":1,"2":1,"3":1},"f":{},"b":{},"_coverageSchema":"1a1c01bbd47fc00a2c39e90264f33305004495a9","hash":"41c7f08786890e5e8d50fcbe67cad8730432fca9"}
,"C:\\Users\\sami_\\OneDrive\\Desktop\\NodeJS Avanzado\\venta-boletos\\Backend\\routes\\usuarioRoutes.js": {"path":"C:\\Users\\sami_\\OneDrive\\Desktop\\NodeJS Avanzado\\venta-boletos\\Backend\\routes\\usuarioRoutes.js","statementMap":{"0":{"start":{"line":10,"column":15},"end":{"line":10,"column":31}},"1":{"start":{"line":12,"column":0},"end":{"line":12,"column":67}},"2":{"start":{"line":13,"column":0},"end":{"line":13,"column":36}},"3":{"start":{"line":14,"column":0},"end":{"line":14,"column":56}}},"fnMap":{},"branchMap":{},"s":{"0":1,"1":1,"2":1,"3":1},"f":{},"b":{},"_coverageSchema":"1a1c01bbd47fc00a2c39e90264f33305004495a9","hash":"73ef17a648459a488c7e65b6d1f75a606bb6f5e3"}
}
