TN:
SF:database.js
FNF:0
FNH:0
DA:2,1
DA:5,1
LF:2
LH:2
BRDA:10,0,0,1
BRDA:10,0,1,0
BRF:2
BRH:1
end_of_record
TN:
SF:index.js
FN:21,(anonymous_0)
FN:42,(anonymous_1)
FNF:2
FNH:2
FNDA:1,(anonymous_0)
FNDA:1,(anonymous_1)
DA:11,1
DA:13,1
DA:14,1
DA:15,1
DA:16,1
DA:21,1
DA:22,1
DA:23,1
DA:24,1
DA:26,0
DA:29,1
DA:32,1
DA:35,1
DA:36,1
DA:37,1
DA:38,1
DA:40,1
DA:42,1
DA:43,1
LF:19
LH:18
BRF:0
BRH:0
end_of_record
TN:
SF:controllers\dashboardController.js
FN:4,(anonymous_0)
FN:24,(anonymous_1)
FN:46,(anonymous_2)
FNF:3
FNH:0
FNDA:0,(anonymous_0)
FNDA:0,(anonymous_1)
FNDA:0,(anonymous_2)
DA:4,1
DA:6,0
DA:7,0
DA:9,0
DA:10,0
DA:17,0
DA:19,0
DA:20,0
DA:24,1
DA:26,0
DA:27,0
DA:30,0
DA:31,0
DA:39,0
DA:41,0
DA:42,0
DA:46,1
DA:48,0
DA:49,0
DA:52,0
DA:53,0
DA:68,0
DA:70,0
DA:71,0
LF:24
LH:3
BRDA:6,0,0,0
BRDA:6,0,1,0
BRDA:26,1,0,0
BRDA:26,1,1,0
BRDA:48,2,0,0
BRDA:48,2,1,0
BRF:6
BRH:0
end_of_record
TN:
SF:controllers\eventController.js
FN:4,(anonymous_0)
FN:56,(anonymous_1)
FN:72,(anonymous_2)
FNF:3
FNH:3
FNDA:4,(anonymous_0)
FNDA:1,(anonymous_1)
FNDA:3,(anonymous_2)
DA:4,1
DA:5,4
DA:6,2
DA:8,2
DA:9,2
DA:10,0
DA:14,2
DA:15,2
DA:22,0
DA:27,2
DA:28,2
DA:29,2
DA:32,2
DA:45,2
DA:50,0
DA:51,0
DA:56,1
DA:57,1
DA:58,1
DA:62,1
DA:64,0
DA:65,0
DA:72,1
DA:73,3
DA:74,1
DA:79,2
DA:81,2
DA:82,2
DA:87,2
DA:88,0
DA:91,2
DA:92,0
DA:97,2
DA:99,2
DA:101,0
DA:102,0
LF:36
LH:26
BRDA:5,0,0,2
BRDA:5,0,1,2
BRDA:9,1,0,0
BRDA:9,1,1,2
BRDA:15,2,0,0
BRDA:15,2,1,2
BRDA:16,3,0,2
BRDA:16,3,1,2
BRDA:16,3,2,2
BRDA:16,3,3,2
BRDA:16,3,4,2
BRDA:73,4,0,1
BRDA:73,4,1,2
BRDA:87,5,0,0
BRDA:87,5,1,2
BRDA:91,6,0,0
BRDA:91,6,1,2
BRF:17
BRH:13
end_of_record
TN:
SF:controllers\ticketController.js
FN:3,(anonymous_0)
FN:63,(anonymous_1)
FN:90,(anonymous_2)
FNF:3
FNH:3
FNDA:2,(anonymous_0)
FNDA:1,(anonymous_1)
FNDA:1,(anonymous_2)
DA:3,1
DA:4,2
DA:5,2
DA:7,2
DA:8,0
DA:13,2
DA:14,2
DA:15,2
DA:17,2
DA:22,2
DA:23,0
DA:24,0
DA:27,2
DA:29,2
DA:30,1
DA:31,1
DA:34,1
DA:35,1
DA:37,1
DA:42,1
DA:47,1
DA:49,1
DA:55,0
DA:56,0
DA:57,0
DA:59,2
DA:63,1
DA:64,1
DA:66,1
DA:67,1
DA:82,1
DA:85,0
DA:86,0
DA:90,1
DA:91,1
DA:92,1
DA:96,1
DA:97,1
DA:98,1
DA:100,1
DA:105,1
DA:106,0
DA:107,0
DA:110,1
DA:112,1
DA:113,0
DA:114,0
DA:117,1
DA:122,1
DA:123,1
DA:124,1
DA:125,1
DA:127,1
DA:133,1
DA:138,1
DA:140,1
DA:143,0
DA:144,0
DA:145,0
DA:147,1
LF:60
LH:45
BRDA:7,0,0,0
BRDA:7,0,1,2
BRDA:7,1,0,2
BRDA:7,1,1,2
BRDA:7,1,2,2
BRDA:22,2,0,0
BRDA:22,2,1,2
BRDA:29,3,0,1
BRDA:29,3,1,1
BRDA:55,4,0,0
BRDA:55,4,1,0
BRDA:59,5,0,2
BRDA:59,5,1,0
BRDA:105,6,0,0
BRDA:105,6,1,1
BRDA:112,7,0,0
BRDA:112,7,1,1
BRDA:122,8,0,1
BRDA:122,8,1,0
BRDA:143,9,0,0
BRDA:143,9,1,0
BRDA:147,10,0,1
BRDA:147,10,1,0
BRF:23
BRH:12
end_of_record
TN:
SF:controllers\usuarioController.js
FN:10,(anonymous_0)
FN:34,(anonymous_1)
FN:62,(anonymous_2)
FNF:3
FNH:2
FNDA:2,(anonymous_0)
FNDA:3,(anonymous_1)
FNDA:0,(anonymous_2)
DA:5,1
DA:7,1
DA:10,1
DA:11,2
DA:12,2
DA:13,2
DA:14,2
DA:18,2
DA:19,1
DA:22,1
DA:26,1
DA:28,0
DA:29,0
DA:34,1
DA:35,3
DA:36,3
DA:37,3
DA:41,3
DA:42,0
DA:44,3
DA:45,3
DA:46,3
DA:47,1
DA:49,2
DA:54,2
DA:56,0
DA:57,0
DA:62,1
DA:63,0
DA:64,0
DA:65,0
DA:69,0
DA:70,0
DA:72,0
DA:74,0
DA:75,0
LF:36
LH:23
BRDA:18,0,0,1
BRDA:18,0,1,1
BRDA:41,1,0,0
BRDA:41,1,1,3
BRDA:46,2,0,1
BRDA:46,2,1,2
BRDA:69,3,0,0
BRDA:69,3,1,0
BRF:8
BRH:5
end_of_record
TN:
SF:middleware\auth.js
FN:7,(anonymous_0)
FN:26,(anonymous_1)
FN:27,(anonymous_2)
FNF:3
FNH:1
FNDA:14,(anonymous_0)
FNDA:0,(anonymous_1)
FNDA:0,(anonymous_2)
DA:3,1
DA:5,1
DA:7,1
DA:8,14
DA:9,14
DA:10,1
DA:13,13
DA:15,13
DA:16,13
DA:17,12
DA:18,12
DA:19,12
DA:20,12
DA:22,1
DA:26,1
DA:27,0
DA:28,0
DA:29,0
DA:31,0
LF:19
LH:15
BRDA:9,0,0,1
BRDA:9,0,1,13
BRDA:9,1,0,14
BRDA:9,1,1,13
BRDA:28,2,0,0
BRDA:28,2,1,0
BRDA:28,3,0,0
BRDA:28,3,1,0
BRF:8
BRH:4
end_of_record
TN:
SF:middleware\hashPassword.js
FN:4,(anonymous_0)
FNF:1
FNH:1
FNDA:2,(anonymous_0)
DA:4,1
DA:5,2
DA:7,2
DA:9,2
DA:12,2
DA:13,2
DA:14,2
DA:15,2
DA:16,2
DA:18,0
DA:22,2
DA:24,0
DA:25,0
LF:13
LH:10
BRDA:7,0,0,2
BRDA:7,0,1,0
BRDA:9,1,0,2
BRDA:9,1,1,2
BRDA:12,2,0,2
BRDA:12,2,1,0
BRF:6
BRH:4
end_of_record
TN:
SF:middleware\uploadImage.js
FN:10,(anonymous_0)
FN:19,(anonymous_1)
FN:25,(anonymous_2)
FNF:3
FNH:3
FNDA:3,(anonymous_0)
FNDA:3,(anonymous_1)
FNDA:3,(anonymous_2)
DA:6,1
DA:7,1
DA:9,1
DA:11,3
DA:13,3
DA:14,0
DA:17,3
DA:20,3
DA:21,3
DA:25,1
DA:26,3
DA:27,3
DA:29,0
DA:33,1
LF:14
LH:12
BRDA:13,0,0,0
BRDA:13,0,1,3
BRDA:26,1,0,3
BRDA:26,1,1,0
BRDA:26,2,0,3
BRDA:26,2,1,0
BRF:6
BRH:3
end_of_record
TN:
SF:routes\dashboardRoutes.js
FNF:0
FNH:0
DA:9,1
DA:12,1
DA:13,1
DA:14,1
LF:4
LH:4
BRF:0
BRH:0
end_of_record
TN:
SF:routes\eventRoutes.js
FNF:0
FNH:0
DA:10,1
DA:12,1
DA:13,1
DA:14,1
LF:4
LH:4
BRF:0
BRH:0
end_of_record
TN:
SF:routes\ticketRoutes.js
FNF:0
FNH:0
DA:9,1
DA:11,1
DA:12,1
DA:13,1
LF:4
LH:4
BRF:0
BRH:0
end_of_record
TN:
SF:routes\usuarioRoutes.js
FNF:0
FNH:0
DA:10,1
DA:12,1
DA:13,1
DA:14,1
LF:4
LH:4
BRF:0
BRH:0
end_of_record
